<?xml version="1.0" encoding="utf-8"?><testsuites name="pytest tests"><testsuite name="pytest" errors="0" failures="0" skipped="0" tests="29" time="12.216" timestamp="2026-07-30T20:30:46.924279+00:00" hostname="agent-env-33a35bc1-7449-4a70-81d1-4c4428fe3d9d"><testcase classname="tests.test_ai_governance_api" name="test_health" time="10.211" /><testcase classname="tests.test_ai_governance_api" name="test_strategies_contains_ai_trader" time="0.067" /><testcase classname="tests.test_ai_governance_api" name="test_ai_status_has_new_blocks" time="0.073" /><testcase classname="tests.test_ai_governance_api" name="test_autotrade_trades_and_config" time="0.120" /><testcase classname="tests.test_ai_governance_api" name="test_settings" time="0.056" /><testcase classname="tests.test_ai_governance_api" name="test_master_prompt_get" time="0.062" /><testcase classname="tests.test_ai_governance_api" name="test_master_prompt_post_requires_admin" time="0.062" /><testcase classname="tests.test_ai_governance_api" name="test_master_prompt_post_admin_increments_version" time="0.188" /><testcase classname="tests.test_ai_governance_api" name="test_master_prompt_history" time="0.063" /><testcase classname="tests.test_ai_governance_api" name="test_master_prompt_restore" time="0.053" /><testcase classname="tests.test_ai_governance_api" name="test_lesson_create_requires_admin" time="0.055" /><testcase classname="tests.test_ai_governance_api" name="test_lesson_create_admin" time="0.048" /><testcase classname="tests.test_ai_governance_api" name="test_lesson_patch_admin" time="0.090" /><testcase classname="tests.test_ai_governance_api" name="test_lesson_patch_requires_admin" time="0.057" /><testcase classname="tests.test_ai_governance_api" name="test_ai_insights_contains_lessons" time="0.059" /><testcase classname="tests.test_ai_governance_api" name="test_lesson_delete_requires_admin" time="0.060" /><testcase classname="tests.test_ai_governance_api" name="test_lesson_delete_admin" time="0.048" /><testcase classname="tests.test_ai_governance_api" name="test_validation_get" time="0.056" /><testcase classname="tests.test_ai_governance_api" name="test_validation_post_admin_and_persist" time="0.101" /><testcase classname="tests.test_ai_governance_api" name="test_validation_restore_defaults" time="0.052" /><testcase classname="tests.test_ai_governance_api" name="test_strategies_get" time="0.066" /><testcase classname="tests.test_ai_governance_api" name="test_strategies_create_admin" time="0.050" /><testcase classname="tests.test_ai_governance_api" name="test_strategies_decide_approve" time="0.050" /><testcase classname="tests.test_ai_governance_api" name="test_strategies_decide_approve_live" time="0.052" /><testcase classname="tests.test_ai_governance_api" name="test_strategies_decide_reset" time="0.046" /><testcase classname="tests.test_ai_governance_api" name="test_strategies_register_test_not_testable" time="0.043" /><testcase classname="tests.test_ai_governance_api" name="test_strategies_ghost_trades_empty" time="0.066" /><testcase classname="tests.test_ai_governance_api" name="test_strategies_settings_admin" time="0.116" /><testcase classname="tests.test_ai_governance_api" name="test_strategies_reject_cleanup" time="0.049" /></testsuite></testsuites>