<?xml version="1.0" encoding="utf-8"?><testsuites name="pytest tests"><testsuite name="pytest" errors="0" failures="0" skipped="0" tests="26" time="63.611" timestamp="2026-07-29T16:22:36.476903+00:00" hostname="agent-env-32b8eddd-2d65-4cfb-8753-eb5b47dea694"><testcase classname="tests.test_ai_lab_api.TestResearch" name="test_research_data" time="12.321" /><testcase classname="tests.test_ai_lab_api.TestML" name="test_ml_status" time="12.299" /><testcase classname="tests.test_ai_lab_api.TestML" name="test_ml_dataset" time="0.173" /><testcase classname="tests.test_ai_lab_api.TestResearch" name="test_research_report_shape" time="0.164" /><testcase classname="tests.test_ai_lab_api.TestML" name="test_ml_predict_btcusdt" time="0.124" /><testcase classname="tests.test_ai_lab_api.TestResearch" name="test_research_run_admin" time="22.435" /><testcase classname="tests.test_ai_lab_api.TestML" name="test_ml_settings_persistence" time="0.876" /><testcase classname="tests.test_ai_lab_api.TestML" name="test_ml_settings_requires_auth" time="0.125" /><testcase classname="tests.test_ai_lab_api.TestML" name="test_ml_train_pipeline" time="10.365" /><testcase classname="tests.test_ai_lab_api.TestRegressionBase" name="test_health" time="0.138" /><testcase classname="tests.test_ai_lab_api.TestRegressionBase" name="test_strategies" time="0.140" /><testcase classname="tests.test_ai_lab_api.TestRegressionBase" name="test_autotrade_config" time="0.104" /><testcase classname="tests.test_ai_lab_api.TestObserver" name="test_observer_status" time="0.127" /><testcase classname="tests.test_ai_lab_api.TestObserver" name="test_observer_run" time="0.139" /><testcase classname="tests.test_ai_lab_api.TestObserver" name="test_observer_snapshots" time="0.143" /><testcase classname="tests.test_ai_lab_api.TestMemory" name="test_memory_stats_no_500_on_missing_supabase_table" time="0.379" /><testcase classname="tests.test_ai_lab_api.TestMemory" name="test_memory_stats_default" time="0.131" /><testcase classname="tests.test_ai_lab_api.TestMemory" name="test_memory_entries" time="0.126" /><testcase classname="tests.test_ai_lab_api.TestRoles" name="test_roles_contains_new_roles_with_preset" time="0.106" /><testcase classname="tests.test_ai_lab_api.TestRoles" name="test_roles_update_then_reset" time="0.409" /><testcase classname="tests.test_ai_lab_api.TestLabStatus" name="test_status_has_all_blocks" time="0.121" /><testcase classname="tests.test_ai_lab_api.TestResearch" name="test_research_run_requires_auth" time="0.194" /><testcase classname="tests.test_ai_lab_api.TestAITraderRegression" name="test_ai_status" time="0.134" /><testcase classname="tests.test_ai_lab_api.TestAITraderRegression" name="test_ai_insights" time="0.113" /><testcase classname="tests.test_ai_lab_api.TestAITraderRegression" name="test_ai_analyze_run" time="19.110" /><testcase classname="tests.test_ai_lab_api.TestAITraderRegression" name="test_ai_learn" time="8.776" /></testsuite></testsuites>