<?xml version="1.0" encoding="utf-8"?><testsuites name="pytest tests"><testsuite name="pytest" errors="0" failures="0" skipped="0" tests="3" time="6.339" timestamp="2026-08-01T14:05:53.911356+00:00" hostname="agent-env-1332e8ad-6d02-4f81-b4d4-a37bbeca9550"><testcase classname="tests.test_ai_strategy_pipeline_e2e.TestAIStrategyPipeline" name="test_candidate_created_and_registered" time="3.573" /><testcase classname="tests.test_ai_strategy_pipeline_e2e.TestAIStrategyPipeline" name="test_backtest_runs_and_produces_trades" time="0.208" /><testcase classname="tests.test_ai_strategy_pipeline_e2e.TestAIStrategyPipeline" name="test_optimizer_runs_and_returns_params" time="2.503" /></testsuite></testsuites>