<?xml version="1.0" encoding="utf-8"?><testsuites name="pytest tests"><testsuite name="pytest" errors="0" failures="0" skipped="1" tests="5" time="142.451" timestamp="2026-08-08T02:38:46.270288+00:00" hostname="agent-env-202cf304-c003-4e98-af69-0da46a2641f0"><testcase classname="tests.test_review_iter2_group_analysis_and_manual_trade.TestNotifications" name="test_get_notifications_unread_only_format" time="141.772" /><testcase classname="tests.test_review_iter2_group_analysis_and_manual_trade.TestGroupAnalysisConfig" name="test_group_analysis_default_true" time="140.995" /><testcase classname="tests.test_review_iter2_group_analysis_and_manual_trade.TestGroupAnalysisConfig" name="test_group_analysis_toggle_and_restore" time="0.677" /><testcase classname="tests.test_review_iter2_group_analysis_and_manual_trade.TestAiTradeOpenPaper" name="test_open_paper_trade_or_blocked_by_killswitch" time="0.165"><skipped type="pytest.skip" message="Kill-Switch aktiv → paper-trade guard OK (Master-Schalter 'Stop All Trades' ist aktiv)">/app/backend/tests/test_review_iter2_group_analysis_and_manual_trade.py:151: Kill-Switch aktiv → paper-trade guard OK (Master-Schalter 'Stop All Trades' ist aktiv)</skipped></testcase><testcase classname="tests.test_review_iter2_group_analysis_and_manual_trade.TestNotifications" name="test_notifications_read_endpoint_format" time="0.325" /></testsuite></testsuites>