<?xml version="1.0" encoding="utf-8"?><testsuites name="pytest tests"><testsuite name="pytest" errors="0" failures="0" skipped="0" tests="21" time="0.840" timestamp="2026-07-31T18:40:39.078266+00:00" hostname="agent-env-1153ca40-8f02-49ba-8989-7e9a8ec5375b"><testcase classname="tests.test_ai_chat_commands_and_fixes" name="test_clamp_sl_short_wrong_side_is_corrected" time="0.000" /><testcase classname="tests.test_ai_chat_commands_and_fixes" name="test_clamp_sl_long_wrong_side_is_corrected" time="0.000" /><testcase classname="tests.test_ai_chat_commands_and_fixes" name="test_clamp_sl_valid_values_unchanged" time="0.000" /><testcase classname="tests.test_ai_chat_commands_and_fixes" name="test_clamp_tp_wrong_side_is_corrected" time="0.000" /><testcase classname="tests.test_ai_chat_commands_and_fixes" name="test_clamp_handles_bad_input" time="0.000" /><testcase classname="tests.test_ai_chat_commands_and_fixes" name="test_resolve_price_unchanged" time="0.000" /><testcase classname="tests.test_ai_chat_commands_and_fixes" name="test_looks_like_command_detects_close_and_lessons" time="0.000" /><testcase classname="tests.test_ai_chat_commands_and_fixes" name="test_looks_like_command_ignores_questions" time="0.000" /><testcase classname="tests.test_ai_chat_commands_and_fixes" name="test_match_lesson_by_id_title_and_partial" time="0.000" /><testcase classname="tests.test_ai_chat_commands_and_fixes" name="test_match_trades_filters_mode_symbol_side" time="0.000" /><testcase classname="tests.test_ai_chat_commands_and_fixes" name="test_valid_rule_definition" time="0.000" /><testcase classname="tests.test_ai_chat_commands_and_fixes" name="test_validation_has_lesson_confirmation_threshold" time="0.000" /><testcase classname="tests.test_ai_open_trades_view" name="test_open_trades_text_shows_all_modes_and_strategies" time="0.001" /><testcase classname="tests.test_ai_open_trades_view" name="test_open_trades_text_reports_out_of_focus_positions" time="0.000" /><testcase classname="tests.test_ai_open_trades_view" name="test_open_trades_text_empty" time="0.000" /><testcase classname="tests.test_ai_open_trades_view" name="test_open_trades_text_focus_with_no_matches_still_hints_others" time="0.000" /><testcase classname="tests.test_indicator_cache" name="test_fingerprint_is_stable_and_data_sensitive" time="0.134" /><testcase classname="tests.test_indicator_cache" name="test_put_get_roundtrip_disk_and_memory" time="0.002" /><testcase classname="tests.test_indicator_cache" name="test_fast_series_uses_and_populates_cache" time="0.002" /><testcase classname="tests.test_indicator_cache" name="test_clear_removes_files_and_memory" time="0.002" /><testcase classname="tests.test_indicator_cache" name="test_get_ignores_stale_length_gracefully" time="0.002" /></testsuite></testsuites>