<?xml version="1.0" encoding="utf-8"?><testsuites name="pytest tests"><testsuite name="pytest" errors="0" failures="0" skipped="0" tests="9" time="13.345" timestamp="2026-08-09T10:03:58.147564+00:00" hostname="agent-env-a2587758-c3d6-4537-94cc-adc81e457c98"><testcase classname="tests.test_iter3_ai_improvements" name="test_admin_login_and_guard" time="10.859" /><testcase classname="tests.test_iter3_ai_improvements" name="test_ai_status_valid_model_and_skipped_key" time="0.161" /><testcase classname="tests.test_iter3_ai_improvements" name="test_ai_rewards_seed_data" time="0.135" /><testcase classname="tests.test_iter3_ai_improvements" name="test_ai_models_watch_status" time="0.139" /><testcase classname="tests.test_iter3_ai_improvements" name="test_ai_models_watch_run_admin" time="1.087" /><testcase classname="tests.test_iter3_ai_improvements" name="test_ai_roles_no_dead_slugs" time="0.130" /><testcase classname="tests.test_iter3_ai_improvements" name="test_trade_guard_state_has_learning_required" time="0.092" /><testcase classname="tests.test_iter3_ai_improvements" name="test_ai_insights_regression" time="0.102" /><testcase classname="tests.test_iter3_ai_improvements" name="test_login_invalid" time="0.112" /></testsuite></testsuites>