<?xml version="1.0" encoding="utf-8"?><testsuites name="pytest tests"><testsuite name="pytest" errors="0" failures="0" skipped="0" tests="44" time="4.108" timestamp="2026-07-31T18:43:58.178020+00:00" hostname="agent-env-1153ca40-8f02-49ba-8989-7e9a8ec5375b"><testcase classname="tests.test_ai_chat_commands_and_fixes" name="test_clamp_sl_short_wrong_side_is_corrected" time="0.000" /><testcase classname="tests.test_ai_chat_commands_and_fixes" name="test_clamp_sl_long_wrong_side_is_corrected" time="0.000" /><testcase classname="tests.test_ai_chat_commands_and_fixes" name="test_clamp_sl_valid_values_unchanged" time="0.000" /><testcase classname="tests.test_ai_chat_commands_and_fixes" name="test_clamp_tp_wrong_side_is_corrected" time="0.000" /><testcase classname="tests.test_ai_chat_commands_and_fixes" name="test_clamp_handles_bad_input" time="0.000" /><testcase classname="tests.test_ai_chat_commands_and_fixes" name="test_resolve_price_unchanged" time="0.000" /><testcase classname="tests.test_ai_chat_commands_and_fixes" name="test_looks_like_command_detects_close_and_lessons" time="0.000" /><testcase classname="tests.test_ai_chat_commands_and_fixes" name="test_looks_like_command_ignores_questions" time="0.000" /><testcase classname="tests.test_ai_chat_commands_and_fixes" name="test_match_lesson_by_id_title_and_partial" time="0.000" /><testcase classname="tests.test_ai_chat_commands_and_fixes" name="test_match_trades_filters_mode_symbol_side" time="0.000" /><testcase classname="tests.test_ai_chat_commands_and_fixes" name="test_valid_rule_definition" time="0.000" /><testcase classname="tests.test_iter_chat_cmds_e2e" name="test_admin_login" time="0.140" /><testcase classname="tests.test_ai_chat_commands_and_fixes" name="test_validation_has_lesson_confirmation_threshold" time="0.000" /><testcase classname="tests.test_iter_chat_cmds_e2e" name="test_regression_public_endpoints" time="0.207" /><testcase classname="tests.test_indicator_cache" name="test_fingerprint_is_stable_and_data_sensitive" time="0.149" /><testcase classname="tests.test_indicator_cache" name="test_put_get_roundtrip_disk_and_memory" time="0.002" /><testcase classname="tests.test_indicator_cache" name="test_fast_series_uses_and_populates_cache" time="0.002" /><testcase classname="tests.test_indicator_cache" name="test_clear_removes_files_and_memory" time="0.002" /><testcase classname="tests.test_indicator_cache" name="test_get_ignores_stale_length_gracefully" time="0.002" /><testcase classname="tests.test_ai_open_trades_view" name="test_open_trades_text_shows_all_modes_and_strategies" time="0.001" /><testcase classname="tests.test_ai_open_trades_view" name="test_open_trades_text_reports_out_of_focus_positions" time="0.000" /><testcase classname="tests.test_ai_open_trades_view" name="test_open_trades_text_empty" time="0.000" /><testcase classname="tests.test_ai_open_trades_view" name="test_open_trades_text_focus_with_no_matches_still_hints_others" time="0.000" /><testcase classname="tests.test_iter2_open_trades_and_indicator_cache_api.TestIndicatorCacheAPI" name="test_stats_returns_expected_fields" time="0.149" /><testcase classname="tests.test_iter2_open_trades_and_indicator_cache_api.TestIndicatorCacheAPI" name="test_clear_requires_admin" time="0.046" /><testcase classname="tests.test_iter2_open_trades_and_indicator_cache_api.TestIndicatorCacheAPI" name="test_clear_as_admin_returns_status_cleared" time="0.173" /><testcase classname="tests.test_iter2_open_trades_and_indicator_cache_api.TestAIChatFocusRobustness" name="test_history_endpoint_works" time="0.048" /><testcase classname="tests.test_iter2_open_trades_and_indicator_cache_api.TestAIChatFocusRobustness" name="test_chat_with_focus_coin_streams_no_500" time="0.056" /><testcase classname="tests.test_iter2_open_trades_and_indicator_cache_api.TestAIChatFocusRobustness" name="test_chat_with_focus_coin_saves_user_or_yields_no_key" time="0.716" /><testcase classname="tests.test_iter2_open_trades_and_indicator_cache_api" name="test_ai_status_endpoint_returns_dict" time="0.092" /><testcase classname="tests.test_iter_chat_cmds_e2e" name="test_trade_open_visible_in_list" time="1.291" /><testcase classname="tests.test_iter_chat_cmds_e2e" name="test_adjust_sl_wrong_side_gets_clamped" time="0.106" /><testcase classname="tests.test_iter_chat_cmds_e2e" name="test_trade_close_real" time="0.598" /><testcase classname="tests.test_iter_chat_cmds_e2e" name="test_chat_command_no_llm_key_streams_error" time="0.102" /><testcase classname="tests.test_iter_chat_cmds_e2e" name="test_lesson_appears_in_list_locked" time="0.095" /><testcase classname="tests.test_iter_chat_cmds_e2e" name="test_lesson_appears_in_insights" time="0.049" /><testcase classname="tests.test_iter_chat_cmds_e2e" name="test_lesson_patch" time="0.049" /><testcase classname="tests.test_iter_chat_cmds_e2e" name="test_insights_has_lesson_candidates" time="0.049" /><testcase classname="tests.test_iter_chat_cmds_e2e" name="test_validation_min_lesson_confirmations_default" time="0.050" /><testcase classname="tests.test_iter_chat_cmds_e2e" name="test_validation_min_lesson_confirmations_clamp" time="0.157" /><testcase classname="tests.test_iter_chat_cmds_e2e" name="test_strategy_assist_requires_thesis" time="0.063" /><testcase classname="tests.test_iter_chat_cmds_e2e" name="test_strategy_assist_without_key" time="0.046" /><testcase classname="tests.test_iter_chat_cmds_e2e" name="test_rule_candidate_has_custom_strategy_id" time="0.053" /><testcase classname="tests.test_iter_chat_cmds_e2e" name="test_register_test_without_rules_returns_not_testable" time="0.308" /></testsuite></testsuites>