<?xml version="1.0" encoding="utf-8"?><testsuites name="pytest tests"><testsuite name="pytest" errors="0" failures="0" skipped="0" tests="20" time="17.340" timestamp="2026-08-01T16:36:32.568215+00:00" hostname="agent-env-9d28390f-a63d-4ee4-aa06-2ffa13e363c9"><testcase classname="tests.test_iteration_review" name="test_health" time="9.845" /><testcase classname="tests.test_iteration_review" name="test_coins" time="0.119" /><testcase classname="tests.test_iteration_review" name="test_strategies_list" time="0.116" /><testcase classname="tests.test_iteration_review" name="test_ai_status" time="0.100" /><testcase classname="tests.test_iteration_review" name="test_ai_chat_history_fast" time="0.096" /><testcase classname="tests.test_iteration_review" name="test_liquidity_levels[BTCUSDT-15m]" time="0.388" /><testcase classname="tests.test_iteration_review" name="test_liquidity_levels[ETHUSDT-1h]" time="0.349" /><testcase classname="tests.test_iteration_review" name="test_liquidity_heatmap" time="0.833" /><testcase classname="tests.test_iteration_review" name="test_liquidity_context" time="0.686" /><testcase classname="tests.test_iteration_review" name="test_liquidity_live" time="0.099" /><testcase classname="tests.test_iteration_review" name="test_analytics_clear_preview_strategy" time="0.098" /><testcase classname="tests.test_iteration_review" name="test_analytics_clear_preview_missing_strategy_id" time="0.103" /><testcase classname="tests.test_iteration_review" name="test_analytics_clear_preview_invalid_scope" time="0.115" /><testcase classname="tests.test_iteration_review" name="test_analytics_clear_preview_coin_missing_symbol" time="0.097" /><testcase classname="tests.test_iteration_review" name="test_analytics_clear_requires_admin" time="0.096" /><testcase classname="tests.test_iteration_review" name="test_analytics_clear_scope_strategy" time="0.421" /><testcase classname="tests.test_iteration_review" name="test_custom_strategy_default_params_populated" time="0.527" /><testcase classname="tests.test_iteration_review" name="test_optimizer_run_custom_strategy" time="2.322" /><testcase classname="tests.test_iteration_review" name="test_backtest_run_custom" time="0.198" /><testcase classname="tests.test_iteration_review" name="test_backtest_strategy_warnings_unknown_indicator" time="0.395" /></testsuite></testsuites>