<?xml version="1.0" encoding="utf-8"?><testsuites name="pytest tests"><testsuite name="pytest" errors="0" failures="0" skipped="0" tests="16" time="9.148" timestamp="2026-07-30T21:52:11.664119+00:00" hostname="agent-env-33a35bc1-7449-4a70-81d1-4c4428fe3d9d"><testcase classname="tests.test_iter4_master_prompt_lesson_policy" name="test_get_master_prompt_shape" time="6.872" /><testcase classname="tests.test_iter4_master_prompt_lesson_policy" name="test_post_lesson_policy_only" time="0.194" /><testcase classname="tests.test_iter4_master_prompt_lesson_policy" name="test_post_all_three" time="0.203" /><testcase classname="tests.test_iter4_master_prompt_lesson_policy" name="test_empty_body_400" time="0.141" /><testcase classname="tests.test_iter4_master_prompt_lesson_policy" name="test_unauthorized_no_admin" time="0.097" /><testcase classname="tests.test_iter4_master_prompt_lesson_policy" name="test_regression_get_endpoints[/api/ai/master-prompt]" time="0.109" /><testcase classname="tests.test_iter4_master_prompt_lesson_policy" name="test_regression_get_endpoints[/api/ai/schedule]" time="0.109" /><testcase classname="tests.test_iter4_master_prompt_lesson_policy" name="test_regression_get_endpoints[/api/ai/validation]" time="0.102" /><testcase classname="tests.test_iter4_master_prompt_lesson_policy" name="test_regression_get_endpoints[/api/ai/strategies]" time="0.123" /><testcase classname="tests.test_iter4_master_prompt_lesson_policy" name="test_regression_get_endpoints[/api/ai/notify-guard]" time="0.104" /><testcase classname="tests.test_iter4_master_prompt_lesson_policy" name="test_regression_get_endpoints[/api/ai/providers/health]" time="0.100" /><testcase classname="tests.test_iter4_master_prompt_lesson_policy" name="test_regression_get_endpoints[/api/ai/status]" time="0.101" /><testcase classname="tests.test_iter4_master_prompt_lesson_policy" name="test_regression_get_endpoints[/api/ai/insights]" time="0.101" /><testcase classname="tests.test_iter4_master_prompt_lesson_policy" name="test_regression_get_endpoints[/api/ai/lessons]" time="0.103" /><testcase classname="tests.test_iter4_master_prompt_lesson_policy" name="test_regression_get_endpoints[/api/health]" time="0.101" /><testcase classname="tests.test_iter4_master_prompt_lesson_policy" name="test_regression_get_endpoints[/api/strategies]" time="0.224" /></testsuite></testsuites>