<?xml version="1.0" encoding="utf-8"?><testsuites name="pytest tests"><testsuite name="pytest" errors="0" failures="0" skipped="0" tests="19" time="1.175" timestamp="2026-08-01T14:02:18.098604+00:00" hostname="agent-env-1332e8ad-6d02-4f81-b4d4-a37bbeca9550"><testcase classname="tests.test_iter_berlin_clear_ki_backtest.TestCustomParamSpace" name="test_space_contains_periods_and_thresholds" time="0.000" /><testcase classname="tests.test_iter_berlin_clear_ki_backtest.TestNormalizeRuleDefinition" name="test_valid_definition_unchanged" time="0.000" /><testcase classname="tests.test_iter_berlin_clear_ki_backtest.TestNormalizeRuleDefinition" name="test_aliases_mapped" time="0.000" /><testcase classname="tests.test_iter_berlin_clear_ki_backtest.TestNormalizeRuleDefinition" name="test_unsupported_indicator_removed_with_error" time="0.000" /><testcase classname="tests.test_iter_berlin_clear_ki_backtest.TestCustomParamSpace" name="test_default_params_instance_attribute" time="0.231" /><testcase classname="tests.test_iter_berlin_clear_ki_backtest.TestNormalizeRuleDefinition" name="test_all_invalid_returns_none" time="0.000" /><testcase classname="tests.test_iter_berlin_clear_ki_backtest.TestNormalizeRuleDefinition" name="test_numeric_string_value_and_bad_timeframe" time="0.000" /><testcase classname="tests.test_iter_berlin_clear_ki_backtest.TestNormalizeRuleDefinition" name="test_unknown_period_keys_dropped" time="0.000" /><testcase classname="tests.test_iter_berlin_clear_ki_backtest.TestNormalizeRuleDefinition" name="test_supported_summary_lists_engine" time="0.000" /><testcase classname="tests.test_iter_berlin_clear_ki_backtest.TestClearAPI" name="test_preview_endpoint" time="0.007" /><testcase classname="tests.test_iter_berlin_clear_ki_backtest.TestClearAPI" name="test_preview_requires_admin" time="0.002" /><testcase classname="tests.test_iter_berlin_clear_ki_backtest.TestClearAPI" name="test_clear_strategy_scope_roundtrip" time="0.005" /><testcase classname="tests.test_iter_berlin_clear_ki_backtest.TestClearAPI" name="test_clear_invalid_scope_rejected" time="0.002" /><testcase classname="tests.test_iter_berlin_clear_ki_backtest.TestClearStrategyScope" name="test_strategy_scope_filter" time="0.373" /><testcase classname="tests.test_iter_berlin_clear_ki_backtest.TestCustomParamSpace" name="test_effective_definition_identity_without_overrides" time="0.000" /><testcase classname="tests.test_iter_berlin_clear_ki_backtest.TestCustomParamSpace" name="test_effective_definition_applies_overrides" time="0.000" /><testcase classname="tests.test_iter_berlin_clear_ki_backtest.TestCustomParamSpace" name="test_fast_path_uses_overrides" time="0.004" /><testcase classname="tests.test_iter_berlin_clear_ki_backtest.TestClearStrategyScope" name="test_strategy_scope_requires_strategy_id" time="0.000" /><testcase classname="tests.test_iter_berlin_clear_ki_backtest.TestClearStrategyScope" name="test_existing_scopes_unchanged" time="0.000" /></testsuite></testsuites>