<?xml version="1.0" encoding="utf-8"?><testsuites name="pytest tests"><testsuite name="pytest" errors="0" failures="0" skipped="0" tests="15" time="1.881" timestamp="2026-08-11T07:58:58.443085+00:00" hostname="agent-env-ab5648cb-7200-4e82-ab25-1abba08497a4"><testcase classname="tests.test_scanner_freshness.TestNeedsBackfill" name="test_no_buffer_no_backfill" time="0.000" /><testcase classname="tests.test_scanner_freshness.TestNeedsBackfill" name="test_overlap_no_backfill" time="0.000" /><testcase classname="tests.test_scanner_freshness.TestNeedsBackfill" name="test_consecutive_no_backfill" time="0.000" /><testcase classname="tests.test_scanner_freshness.TestNeedsBackfill" name="test_gap_triggers_backfill" time="0.000" /><testcase classname="tests.test_scanner_freshness.TestIsStale" name="test_fresh_crypto_not_stale" time="0.000" /><testcase classname="tests.test_scanner_freshness.TestIsStale" name="test_old_crypto_is_stale" time="0.000" /><testcase classname="tests.test_scanner_freshness.TestIsStale" name="test_yahoo_instrument_never_stale" time="0.000" /><testcase classname="tests.test_worker_package.TestWorkerPackageFiles" name="test_local_worker_files_exist_on_disk" time="0.000" /><testcase classname="tests.test_worker_package.TestWorkerPackageFiles" name="test_local_worker_not_gitignored" time="0.000" /><testcase classname="tests.test_worker_package.TestWorkerPackageFiles" name="test_worker_version_matches_server_requirement" time="0.005" /><testcase classname="tests.test_iter6_scanner_regression.TestScannerRegression" name="test_signals_endpoint_ok" time="0.345" /><testcase classname="tests.test_iter6_scanner_regression.TestScannerRegression" name="test_session_status_active" time="0.099" /><testcase classname="tests.test_iter6_scanner_regression.TestScannerRegression" name="test_autotrade_trades_ok" time="0.469" /><testcase classname="tests.test_iter6_scanner_regression.TestScannerRegression" name="test_autotrade_config_ok" time="0.119" /><testcase classname="tests.test_iter6_scanner_regression.TestScannerRegression" name="test_klines_endpoint_recent" time="0.262" /></testsuite></testsuites>