<?xml version="1.0" encoding="utf-8"?><testsuites name="pytest tests"><testsuite name="pytest" errors="0" failures="0" skipped="0" tests="15" time="9.913" timestamp="2026-08-11T16:32:30.268520+00:00" hostname="agent-env-85d15d52-3595-4cad-b230-670dededf817"><testcase classname="tests.test_iter7_watchdog_lessons_notify" name="test_watchdog_status_has_enabled" time="0.468" /><testcase classname="tests.test_iter7_watchdog_lessons_notify" name="test_watchdog_disable_run_skipped_then_re_enable" time="0.816" /><testcase classname="tests.test_iter7_watchdog_lessons_notify" name="test_destructive_endpoints_require_auth[POST-/api/autotrade/watchdog/clear]" time="0.136" /><testcase classname="tests.test_iter7_watchdog_lessons_notify" name="test_destructive_endpoints_require_auth[DELETE-/api/ai/rewards]" time="0.119" /><testcase classname="tests.test_iter7_watchdog_lessons_notify" name="test_destructive_endpoints_require_auth[POST-/api/ai/ml/reset]" time="0.150" /><testcase classname="tests.test_iter7_watchdog_lessons_notify" name="test_destructive_endpoints_require_auth[POST-/api/ai/research/reset]" time="0.187" /><testcase classname="tests.test_iter7_watchdog_lessons_notify" name="test_strategy_comparison_no_external" time="0.795" /><testcase classname="tests.test_iter7_watchdog_lessons_notify" name="test_ai_insights_has_skipped_items" time="0.714" /><testcase classname="tests.test_iter7_watchdog_lessons_notify" name="test_lessons_skipped_approve_then_cleanup" time="2.732" /><testcase classname="tests.test_iter7_watchdog_lessons_notify" name="test_lessons_skipped_delete_flow" time="1.920" /><testcase classname="tests.test_iter7_watchdog_lessons_notify" name="test_ai_strategies_no_duplicate_names" time="0.487" /><testcase classname="tests.test_iter7_watchdog_lessons_notify" name="test_ai_strategies_dedupe_endpoint" time="0.248" /><testcase classname="tests.test_iter7_watchdog_lessons_notify" name="test_notifications_have_created_at_and_new_fields" time="0.258" /><testcase classname="tests.test_iter7_watchdog_lessons_notify" name="test_notifications_popped_flag" time="0.824" /><testcase classname="tests.test_iter7_watchdog_lessons_notify" name="test_fail_lines_helper_shape" time="0.001" /></testsuite></testsuites>