<?xml version="1.0" encoding="utf-8"?><testsuites name="pytest tests"><testsuite name="pytest" errors="0" failures="0" skipped="0" tests="16" time="0.897" timestamp="2026-07-31T21:38:46.005919+00:00" hostname="agent-env-475377d0-383b-4867-9e0c-2cf67d43d030"><testcase classname="tests.test_iter_ai_json" name="test_valid_json_unchanged" time="0.000" /><testcase classname="tests.test_iter_ai_supervisor_autonomy" name="test_parked_proposal_is_applied_when_data_arrives" time="0.230" /><testcase classname="tests.test_iter_ai_json" name="test_markdown_fence_and_prose" time="0.000" /><testcase classname="tests.test_iter_ai_json" name="test_trailing_comma_and_comments" time="0.000" /><testcase classname="tests.test_iter_ai_json" name="test_truncated_object_is_salvaged" time="0.000" /><testcase classname="tests.test_iter_ai_json" name="test_truncated_inside_string_is_salvaged" time="0.000" /><testcase classname="tests.test_iter_ai_json" name="test_braces_inside_strings_are_ignored" time="0.000" /><testcase classname="tests.test_iter_ai_json" name="test_empty_and_garbage_raise" time="0.000" /><testcase classname="tests.test_iter_ai_supervisor_autonomy" name="test_parked_proposal_stays_parked_without_data" time="0.001" /><testcase classname="tests.test_iter_ai_supervisor_autonomy" name="test_review_is_noop_in_suggest_mode" time="0.001" /><testcase classname="tests.test_iter_ai_supervisor_autonomy" name="test_actionable_proposals_empty_in_auto_mode" time="0.000" /><testcase classname="tests.test_iter_ai_supervisor_autonomy" name="test_actionable_proposals_in_suggest_mode" time="0.000" /><testcase classname="tests.test_iter_ai_supervisor_autonomy" name="test_max_lessons_up_to_100" time="0.000" /><testcase classname="tests.test_iter_ai_supervisor_autonomy" name="test_supervisor_roles_cover_team" time="0.000" /><testcase classname="tests.test_iter_ai_supervisor_autonomy" name="test_evidence_text_contains_roles_and_samples" time="0.000" /><testcase classname="tests.test_iter_ai_supervisor_autonomy" name="test_normalize_report_drops_invalid_model_and_role" time="0.000" /></testsuite></testsuites>