<?xml version="1.0" encoding="utf-8"?><testsuites name="pytest tests"><testsuite name="pytest" errors="0" failures="0" skipped="0" tests="7" time="5.977" timestamp="2026-07-31T18:43:46.024836+00:00" hostname="agent-env-1153ca40-8f02-49ba-8989-7e9a8ec5375b"><testcase classname="tests.test_iter2_open_trades_and_indicator_cache_api.TestIndicatorCacheAPI" name="test_stats_returns_expected_fields" time="4.729" /><testcase classname="tests.test_iter2_open_trades_and_indicator_cache_api.TestIndicatorCacheAPI" name="test_clear_requires_admin" time="0.050" /><testcase classname="tests.test_iter2_open_trades_and_indicator_cache_api.TestAIChatFocusRobustness" name="test_history_endpoint_works" time="4.782" /><testcase classname="tests.test_iter2_open_trades_and_indicator_cache_api.TestAIChatFocusRobustness" name="test_chat_with_focus_coin_streams_no_500" time="0.052" /><testcase classname="tests.test_iter2_open_trades_and_indicator_cache_api.TestAIChatFocusRobustness" name="test_chat_with_focus_coin_saves_user_or_yields_no_key" time="0.805" /><testcase classname="tests.test_iter2_open_trades_and_indicator_cache_api.TestIndicatorCacheAPI" name="test_clear_as_admin_returns_status_cleared" time="0.166" /><testcase classname="tests.test_iter2_open_trades_and_indicator_cache_api" name="test_ai_status_endpoint_returns_dict" time="0.060" /></testsuite></testsuites>