<?xml version="1.0" encoding="utf-8"?><testsuites name="pytest tests"><testsuite name="pytest" errors="0" failures="0" skipped="0" tests="6" time="4.821" timestamp="2026-07-31T21:39:14.075738+00:00" hostname="agent-env-475377d0-383b-4867-9e0c-2cf67d43d030"><testcase classname="tests.test_iter3_ai_api" name="test_actionable_proposals_empty_in_auto" time="2.903" /><testcase classname="tests.test_iter3_ai_api" name="test_actionable_proposals_shape_in_suggest" time="0.208" /><testcase classname="tests.test_iter3_ai_api" name="test_max_lessons_100" time="0.239" /><testcase classname="tests.test_iter3_ai_api" name="test_max_lessons_clamped" time="0.280" /><testcase classname="tests.test_iter3_ai_api" name="test_supervisor_get" time="0.102" /><testcase classname="tests.test_iter3_ai_api" name="test_supervisor_start" time="0.774" /></testsuite></testsuites>