<?xml version="1.0" encoding="utf-8"?><testsuites name="pytest tests"><testsuite name="pytest" errors="0" failures="0" skipped="0" tests="11" time="0.770" timestamp="2026-07-31T22:14:48.188092+00:00" hostname="agent-env-475377d0-383b-4867-9e0c-2cf67d43d030"><testcase classname="tests.test_iter_ai_supervisor_auto" name="test_settings_are_sanitized_and_persisted" time="0.001" /><testcase classname="tests.test_iter_ai_supervisor_auto" name="test_due_only_when_enabled_and_old_enough" time="0.000" /><testcase classname="tests.test_iter_ai_supervisor_auto" name="test_auto_switch_disabled_by_default" time="0.000" /><testcase classname="tests.test_iter_ai_supervisor_auto" name="test_auto_switch_uses_role_fallback_and_rollback_restores" time="0.001" /><testcase classname="tests.test_iter_ai_supervisor_auto" name="test_auto_switch_falls_back_to_suggested_model" time="0.000" /><testcase classname="tests.test_iter_ai_supervisor_auto" name="test_auto_switch_also_on_explicit_recommendation" time="0.000" /><testcase classname="tests.test_iter_ai_supervisor_auto" name="test_auto_switch_skips_when_already_active" time="0.000" /><testcase classname="tests.test_iter_ai_supervisor_auto" name="test_apply_assist_applies_selected_fields" time="0.001" /><testcase classname="tests.test_iter_ai_supervisor_auto" name="test_apply_assist_all_fields_and_registers" time="0.135" /><testcase classname="tests.test_iter_ai_supervisor_auto" name="test_apply_assist_without_assist_errors" time="0.000" /><testcase classname="tests.test_iter_ai_supervisor_auto" name="test_apply_assist_ignores_invalid_rule_definition" time="0.000" /></testsuite></testsuites>