<?xml version="1.0" encoding="utf-8"?><testsuites name="pytest tests"><testsuite name="pytest" errors="0" failures="0" skipped="0" tests="29" time="0.515" timestamp="2026-08-08T21:37:33.738333+00:00" hostname="agent-env-e6026277-8e42-44be-a71c-44c20b2ed4d2"><testcase classname="tests.test_iter_reward_models_killswitch" name="test_dead_models_removed_from_catalog" time="0.000" /><testcase classname="tests.test_iter_reward_models_killswitch" name="test_fallback_order_consistent_with_catalog" time="0.000" /><testcase classname="tests.test_iter_reward_models_killswitch" name="test_all_catalog_models_have_weights" time="0.000" /><testcase classname="tests.test_iter_reward_models_killswitch" name="test_migration_maps_dead_models_to_valid_successors" time="0.000" /><testcase classname="tests.test_iter_reward_models_killswitch" name="test_migration_keeps_valid_models" time="0.000" /><testcase classname="tests.test_iter_reward_models_killswitch" name="test_provider_for_model_resolves_all_catalog_entries" time="0.000" /><testcase classname="tests.test_iter_reward_models_killswitch" name="test_input_limit_for_small_groq_models" time="0.000" /><testcase classname="tests.test_iter_reward_models_killswitch" name="test_payload_too_large_detection" time="0.000" /><testcase classname="tests.test_iter_reward_models_killswitch" name="test_role_presets_only_use_valid_models" time="0.000" /><testcase classname="tests.test_iter_reward_models_killswitch" name="test_sanitize_migrates_stored_dead_models" time="0.000" /><testcase classname="tests.test_iter_reward_models_killswitch" name="test_reward_win_positive_loss_negative" time="0.000" /><testcase classname="tests.test_iter_reward_models_killswitch" name="test_reward_losses_punished_asymmetrically" time="0.000" /><testcase classname="tests.test_iter_reward_models_killswitch" name="test_reward_quick_stopout_extra_penalty" time="0.000" /><testcase classname="tests.test_iter_reward_models_killswitch" name="test_reward_overconfident_loss_penalty" time="0.000" /><testcase classname="tests.test_iter_reward_models_killswitch" name="test_reward_held_win_bonus" time="0.000" /><testcase classname="tests.test_iter_reward_models_killswitch" name="test_reward_clamped" time="0.000" /><testcase classname="tests.test_iter_reward_models_killswitch" name="test_reward_text_contains_key_metrics" time="0.000" /><testcase classname="tests.test_iter_reward_models_killswitch" name="test_watchdog_classify_error" time="0.000" /><testcase classname="tests.test_iter_reward_models_killswitch" name="test_reward_stats_series_and_regime" time="0.000" /><testcase classname="tests.test_iter_reward_models_killswitch" name="test_health_status_exposes_skipped" time="0.000" /><testcase classname="tests.test_iter_reward_models_killswitch" name="test_lessons_text_excludes_deactivated" time="0.001" /><testcase classname="tests.test_iter_reward_models_killswitch" name="test_measure_effectiveness_deactivates_bad_ai_lesson" time="0.000" /><testcase classname="tests.test_iter_reward_models_killswitch" name="test_clean_tp_levels_validation" time="0.200" /><testcase classname="tests.test_iter_reward_models_killswitch" name="test_symbol_trade_enabled_logic" time="0.001" /><testcase classname="tests.test_iter_reward_models_killswitch" name="test_kill_switch_state_requires_learning" time="0.001" /><testcase classname="tests.test_iter_reward_models_killswitch" name="test_kill_switch_released_after_learning_done" time="0.000" /><testcase classname="tests.test_iter_reward_models_killswitch" name="test_kill_switch_grace_period_prevents_permanent_block" time="0.000" /><testcase classname="tests.test_iter_reward_models_killswitch" name="test_kill_switch_still_paused_until_midnight" time="0.000" /><testcase classname="tests.test_iter_reward_models_killswitch" name="test_manual_resume_clears_learning_requirement" time="0.000" /></testsuite></testsuites>