<?xml version="1.0" encoding="utf-8"?><testsuites name="pytest tests"><testsuite name="pytest" errors="0" failures="0" skipped="0" tests="12" time="9.879" timestamp="2026-07-31T22:15:54.552491+00:00" hostname="agent-env-475377d0-383b-4867-9e0c-2cf67d43d030"><testcase classname="tests.test_iter4_ai_api.TestQuickPrompts" name="test_get_quick_prompts_public" time="7.627" /><testcase classname="tests.test_iter4_ai_api.TestQuickPrompts" name="test_post_requires_admin" time="0.203" /><testcase classname="tests.test_iter4_ai_api.TestSupervisorSettings" name="test_get_supervisor_returns_settings" time="7.835" /><testcase classname="tests.test_iter4_ai_api.TestSupervisorSettings" name="test_settings_sanitize_low_and_high" time="0.231" /><testcase classname="tests.test_iter4_ai_api.TestQuickPrompts" name="test_post_trims_and_saves" time="0.425" /><testcase classname="tests.test_iter4_ai_api.TestSupervisorSettings" name="test_settings_persist_across_get" time="0.267" /><testcase classname="tests.test_iter4_ai_api.TestQuickPrompts" name="test_post_limits_to_30" time="0.147" /><testcase classname="tests.test_iter4_ai_api.TestSupervisorSettings" name="test_reset_to_defaults" time="0.119" /><testcase classname="tests.test_iter4_ai_api.TestQuickPrompts" name="test_restore_defaults" time="0.122" /><testcase classname="tests.test_iter4_ai_api.TestSupervisorHistory" name="test_history_endpoint" time="0.118" /><testcase classname="tests.test_iter4_ai_api.TestRollback" name="test_rollback_without_active_switch_returns_error" time="0.155" /><testcase classname="tests.test_iter4_ai_api.TestApplyAssist" name="test_apply_without_prior_assist_returns_400" time="0.899" /></testsuite></testsuites>