<?xml version="1.0" encoding="utf-8"?><testsuites name="pytest tests"><testsuite name="pytest" errors="0" failures="0" skipped="0" tests="2" time="8.823" timestamp="2026-08-16T09:50:19.064517+00:00" hostname="agent-env-854a8e31-5611-48eb-9424-945a6206592c"><testcase classname="tests.test_ai_status_grouping" name="test_group_by_provider_rate_limited_and_skipped" time="0.002" /><testcase classname="tests.test_ai_status_grouping" name="test_ai_status_has_grouped_keys" time="8.498" /></testsuite></testsuites>