<?xml version="1.0" encoding="utf-8"?><testsuites name="pytest tests"><testsuite name="pytest" errors="0" failures="0" skipped="0" tests="23" time="12.810" timestamp="2026-07-30T21:26:23.146214+00:00" hostname="agent-env-33a35bc1-7449-4a70-81d1-4c4428fe3d9d"><testcase classname="tests.test_ai_iter3_api" name="test_health" time="10.484" /><testcase classname="tests.test_ai_iter3_api" name="test_strategies_and_settings" time="0.361" /><testcase classname="tests.test_ai_iter3_api" name="test_schedule_get" time="0.056" /><testcase classname="tests.test_ai_iter3_api" name="test_schedule_requires_admin" time="0.048" /><testcase classname="tests.test_ai_iter3_api" name="test_schedule_post_stores_and_filters_invalid" time="0.256" /><testcase classname="tests.test_ai_iter3_api" name="test_ai_status_has_schedule_active_and_providers_health" time="0.060" /><testcase classname="tests.test_ai_iter3_api" name="test_schedule_cleanup" time="0.048" /><testcase classname="tests.test_ai_iter3_api" name="test_master_prompt_get_has_lesson_policy" time="0.045" /><testcase classname="tests.test_ai_iter3_api" name="test_master_prompt_post_with_new_rules" time="0.045" /><testcase classname="tests.test_ai_iter3_api" name="test_master_prompt_reset" time="0.044" /><testcase classname="tests.test_ai_iter3_api" name="test_validation_has_macro" time="0.046" /><testcase classname="tests.test_ai_iter3_api" name="test_validation_post_macro_persists" time="0.092" /><testcase classname="tests.test_ai_iter3_api" name="test_validation_restore" time="0.051" /><testcase classname="tests.test_ai_iter3_api" name="test_providers_health_shape" time="0.056" /><testcase classname="tests.test_ai_iter3_api" name="test_notify_guard_get" time="0.061" /><testcase classname="tests.test_ai_iter3_api" name="test_notify_guard_requires_admin" time="0.057" /><testcase classname="tests.test_ai_iter3_api" name="test_notify_guard_set_and_persist" time="0.098" /><testcase classname="tests.test_ai_iter3_api" name="test_notify_guard_invalid" time="0.049" /><testcase classname="tests.test_ai_iter3_api" name="test_notify_guard_restore" time="0.053" /><testcase classname="tests.test_ai_iter3_api" name="test_create_candidate" time="0.048" /><testcase classname="tests.test_ai_iter3_api" name="test_macro_requires_admin" time="0.059" /><testcase classname="tests.test_ai_iter3_api" name="test_macro_set_and_ignore_unknown" time="0.101" /><testcase classname="tests.test_ai_iter3_api" name="test_candidate_cleanup" time="0.048" /></testsuite></testsuites>