<?xml version="1.0" encoding="utf-8"?><testsuites name="pytest tests"><testsuite name="pytest" errors="0" failures="0" skipped="0" tests="8" time="6.206" timestamp="2026-08-16T09:43:43.076692+00:00" hostname="agent-env-854a8e31-5611-48eb-9424-945a6206592c"><testcase classname="tests.test_partial_exit_e2e.TestPartialExitE2E" name="test_01_open_paper_trade" time="3.212" /><testcase classname="tests.test_partial_exit_e2e.TestPartialExitE2E" name="test_02_partial_close_stage_1" time="0.492" /><testcase classname="tests.test_partial_exit_e2e.TestPartialExitE2E" name="test_03_partial_close_stage_2" time="0.509" /><testcase classname="tests.test_partial_exit_e2e.TestPartialExitE2E" name="test_04_verify_events_and_qty" time="0.094" /><testcase classname="tests.test_partial_exit_e2e.TestPartialExitE2E" name="test_05_close_trade_full" time="1.360" /><testcase classname="tests.test_partial_exit_e2e.TestPartialExitE2E" name="test_06_report_trade_id" time="0.000" /><testcase classname="tests.test_guard_external_adopted" name="test_404_when_trade_id_not_found" time="0.206" /><testcase classname="tests.test_guard_external_adopted" name="test_409_when_external_adopted" time="0.276" /></testsuite></testsuites>