<?xml version="1.0" encoding="utf-8"?><testsuites name="pytest tests"><testsuite name="pytest" errors="0" failures="0" skipped="0" tests="6" time="6.863" timestamp="2026-08-08T20:52:17.235282+00:00" hostname="agent-env-e6026277-8e42-44be-a71c-44c20b2ed4d2"><testcase classname="tests.test_iter_reward_regime_watchdog.TestAIStatus" name="test_status_has_model_watchdog" time="6.206" /><testcase classname="tests.test_iter_reward_regime_watchdog.TestModelWatchdog" name="test_get_watchdog_summary" time="6.323" /><testcase classname="tests.test_iter_reward_regime_watchdog.TestAIStatus" name="test_status_providers_health_has_skipped" time="0.145" /><testcase classname="tests.test_iter_reward_regime_watchdog.TestModelWatchdog" name="test_post_models_check_admin" time="0.132" /><testcase classname="tests.test_iter_reward_regime_watchdog.TestRewardInsights" name="test_insights_reward_has_series_and_by_regime" time="0.201" /><testcase classname="tests.test_iter_reward_regime_watchdog.TestModelWatchdog" name="test_post_models_check_without_auth_forbidden" time="0.097" /></testsuite></testsuites>