<?xml version="1.0" encoding="utf-8"?><testsuites name="pytest tests"><testsuite name="pytest" errors="0" failures="0" skipped="0" tests="21" time="45.200" timestamp="2026-07-28T20:00:32.123256+00:00" hostname="agent-env-279aab63-2f88-417f-b493-58a4ec3366f9"><testcase classname="tests.test_iter17_new_assets.TestCoinsEndpoint" name="test_universe_structure" time="0.636" /><testcase classname="tests.test_iter17_new_assets.TestCoinsEndpoint" name="test_group_names_and_membership" time="0.542" /><testcase classname="tests.test_iter17_new_assets.TestKlinesForNewAssets" name="test_klines_plausible[QQQUSDT-500-900]" time="0.544" /><testcase classname="tests.test_iter17_new_assets.TestKlinesForNewAssets" name="test_klines_plausible[SPYUSDT-600-900]" time="0.607" /><testcase classname="tests.test_iter17_new_assets.TestKlinesForNewAssets" name="test_klines_plausible[GOLD-3000-5000]" time="0.363" /><testcase classname="tests.test_iter17_new_assets.TestKlinesForNewAssets" name="test_klines_plausible[SILVER-20-80]" time="1.755" /><testcase classname="tests.test_iter17_new_assets.TestKlinesForNewAssets" name="test_klines_plausible[OIL-40-120]" time="0.744" /><testcase classname="tests.test_iter17_new_assets.TestKlinesForNewAssets" name="test_klines_plausible[EURUSD-0.9-1.5]" time="0.711" /><testcase classname="tests.test_iter17_new_assets.TestKlinesForNewAssets" name="test_klines_plausible[GBPUSD-1.0-1.6]" time="0.541" /><testcase classname="tests.test_iter17_new_assets.TestKlinesForNewAssets" name="test_klines_plausible[USDJPY-120-200]" time="0.473" /><testcase classname="tests.test_iter17_new_assets.TestKlinesForNewAssets" name="test_klines_plausible[AUDUSD-0.5-0.9]" time="0.390" /><testcase classname="tests.test_iter17_new_assets.TestKlinesForNewAssets" name="test_klines_plausible[USDCAD-1.0-1.6]" time="0.584" /><testcase classname="tests.test_iter17_new_assets.TestKlinesForNewAssets" name="test_klines_plausible[USDCHF-0.7-1.2]" time="0.752" /><testcase classname="tests.test_iter17_new_assets.TestKlinesForNewAssets" name="test_klines_plausible[NZDUSD-0.5-0.8]" time="0.643" /><testcase classname="tests.test_iter17_new_assets" name="test_rule_states_covers_new_symbols" time="0.315" /><testcase classname="tests.test_iter17_new_assets.TestBacktester" name="test_reject_unknown_symbol" time="1.078" /><testcase classname="tests.test_iter17_new_assets.TestBacktester" name="test_regression_crypto_still_works" time="3.799" /><testcase classname="tests.test_iter17_new_assets.TestBacktester" name="test_multi_asset_new_universe" time="4.281" /><testcase classname="tests.test_iter17_new_assets.TestOptimizer" name="test_optimizer_forex_and_index" time="25.297" /><testcase classname="tests.test_iter17_new_assets.TestAILessonsConfig" name="test_max_lessons_persists" time="0.532" /><testcase classname="tests.test_iter17_new_assets.TestAILessonsConfig" name="test_insights_returns_all_stored" time="0.553" /></testsuite></testsuites>