<?xml version="1.0" encoding="utf-8"?><testsuites name="pytest tests"><testsuite name="pytest" errors="0" failures="0" skipped="0" tests="16" time="8.966" timestamp="2026-07-31T18:08:23.966663+00:00" hostname="agent-env-1153ca40-8f02-49ba-8989-7e9a8ec5375b"><testcase classname="tests.test_iter_chat_cmds_e2e" name="test_admin_login" time="5.274" /><testcase classname="tests.test_iter_chat_cmds_e2e" name="test_regression_public_endpoints" time="0.209" /><testcase classname="tests.test_iter_chat_cmds_e2e" name="test_trade_open_visible_in_list" time="1.268" /><testcase classname="tests.test_iter_chat_cmds_e2e" name="test_adjust_sl_wrong_side_gets_clamped" time="0.106" /><testcase classname="tests.test_iter_chat_cmds_e2e" name="test_trade_close_real" time="0.619" /><testcase classname="tests.test_iter_chat_cmds_e2e" name="test_chat_command_no_llm_key_streams_error" time="0.139" /><testcase classname="tests.test_iter_chat_cmds_e2e" name="test_lesson_appears_in_list_locked" time="0.105" /><testcase classname="tests.test_iter_chat_cmds_e2e" name="test_lesson_appears_in_insights" time="0.059" /><testcase classname="tests.test_iter_chat_cmds_e2e" name="test_lesson_patch" time="0.058" /><testcase classname="tests.test_iter_chat_cmds_e2e" name="test_insights_has_lesson_candidates" time="0.048" /><testcase classname="tests.test_iter_chat_cmds_e2e" name="test_validation_min_lesson_confirmations_default" time="0.088" /><testcase classname="tests.test_iter_chat_cmds_e2e" name="test_validation_min_lesson_confirmations_clamp" time="0.150" /><testcase classname="tests.test_iter_chat_cmds_e2e" name="test_strategy_assist_requires_thesis" time="0.049" /><testcase classname="tests.test_iter_chat_cmds_e2e" name="test_strategy_assist_without_key" time="0.047" /><testcase classname="tests.test_iter_chat_cmds_e2e" name="test_rule_candidate_has_custom_strategy_id" time="0.057" /><testcase classname="tests.test_iter_chat_cmds_e2e" name="test_register_test_without_rules_returns_not_testable" time="0.357" /></testsuite></testsuites>