<?xml version="1.0" encoding="utf-8"?><testsuites name="pytest tests"><testsuite name="pytest" errors="0" failures="0" skipped="0" tests="5" time="163.893" timestamp="2026-08-11T06:52:54.099522+00:00" hostname="agent-env-ab5648cb-7200-4e82-ab25-1abba08497a4"><testcase classname="tests.test_iter5_session_fixes" name="test_liquidity_heatmap_has_source_and_bins" time="162.061" /><testcase classname="tests.test_iter5_session_fixes" name="test_watchdog_status_has_manage_external" time="0.313" /><testcase classname="tests.test_iter5_session_fixes" name="test_watchdog_config_requires_admin" time="0.112" /><testcase classname="tests.test_iter5_session_fixes" name="test_watchdog_manage_external_toggle_and_reset" time="0.851" /><testcase classname="tests.test_iter5_session_fixes" name="test_notify_config_has_token_alert" time="0.204" /></testsuite></testsuites>