<?xml version="1.0" encoding="utf-8"?><testsuites name="pytest tests"><testsuite name="pytest" errors="0" failures="0" skipped="0" tests="17" time="2.968" timestamp="2026-08-10T15:59:15.315252+00:00" hostname="agent-env-312ed44f-6a1e-473d-abb6-f4688d43f135"><testcase classname="tests.backend_test.TestAIConfigFlags" name="test_status_has_new_flags" time="0.285" /><testcase classname="tests.backend_test.TestRegression" name="test_endpoint_ok[/api/ai/status]" time="0.270" /><testcase classname="tests.backend_test.TestRegression" name="test_endpoint_ok[/api/ai/lessons]" time="0.124" /><testcase classname="tests.backend_test.TestRegression" name="test_endpoint_ok[/api/autotrade/config]" time="0.136" /><testcase classname="tests.backend_test.TestAIConfigFlags" name="test_toggle_heatmap_starts_ab_review" time="1.023" /><testcase classname="tests.backend_test.TestRegression" name="test_endpoint_ok[/api/autotrade/watchdog/status]" time="0.117" /><testcase classname="tests.backend_test.TestRegression" name="test_endpoint_ok[/api/ai/schedule]" time="0.133" /><testcase classname="tests.backend_test.TestRegression" name="test_endpoint_ok[/api/ai/insights]" time="0.133" /><testcase classname="tests.backend_test.TestRegression" name="test_endpoint_ok[/api/ai/usage]" time="0.156" /><testcase classname="tests.backend_test.TestRegression" name="test_endpoint_ok[/api/ai/lessons/conflicts]" time="0.123" /><testcase classname="tests.backend_test.TestScheduleModel" name="test_schedule_has_allowed_models" time="0.130" /><testcase classname="tests.backend_test.TestAIConfigFlags" name="test_ai_config_requires_admin" time="0.117" /><testcase classname="tests.backend_test.TestLessonsConflicts" name="test_conflicts_endpoint" time="0.170" /><testcase classname="tests.backend_test.TestScheduleModel" name="test_post_schedule_saves_model" time="0.510" /><testcase classname="tests.backend_test.TestLessonsConflicts" name="test_insights_lessons_have_superseded_by" time="0.133" /><testcase classname="tests.backend_test.TestAIUsage" name="test_ai_usage_shape" time="0.122" /><testcase classname="tests.backend_test.TestWatchdogManageExternal" name="test_manage_external_toggle" time="0.496" /></testsuite></testsuites>