<?xml version="1.0" encoding="utf-8"?><testsuites name="pytest tests"><testsuite name="pytest" errors="0" failures="0" skipped="0" tests="59" time="3.721" timestamp="2026-08-10T20:33:59.348888+00:00" hostname="agent-env-311b8640-c190-412b-82df-3af083472ae1"><testcase classname="tests.test_ai_governance" name="test_blocked_symbol_and_side_are_rejected" time="0.000" /><testcase classname="tests.test_ai_trader_quality_fixes" name="test_default_config_heatmap_off_liquidation_on" time="0.000" /><testcase classname="tests.test_ai_trader_quality_fixes" name="test_default_config_cost_savers_on" time="0.000" /><testcase classname="tests.test_ai_governance" name="test_confidence_leverage_and_open_trade_limits" time="0.000" /><testcase classname="tests.test_ai_trader_quality_fixes" name="test_update_config_accepts_new_toggles" time="0.001" /><testcase classname="tests.test_ai_trader_quality_fixes" name="test_update_config_clamps_move_pct" time="0.000" /><testcase classname="tests.test_ai_trader_quality_fixes" name="test_model_clusters_are_marked_as_modelled" time="0.000" /><testcase classname="tests.test_ai_trader_quality_fixes" name="test_liquidity_prompt_no_longer_sells_model_clusters_as_magnets" time="0.004" /><testcase classname="tests.test_ai_governance" name="test_config_change_against_master_prompt_is_blocked" time="0.000" /><testcase classname="tests.test_ai_governance" name="test_lesson_against_master_prompt_is_blocked" time="0.000" /><testcase classname="tests.test_ai_governance" name="test_defaults_are_permissive_enough_for_existing_workflows" time="0.000" /><testcase classname="tests.test_ai_governance" name="test_locked_lessons_survive_ai_removal_and_overwrite" time="0.000" /><testcase classname="tests.test_ai_governance" name="test_locked_lessons_do_not_count_against_the_limit" time="0.001" /><testcase classname="tests.test_ai_governance" name="test_lessons_text_marks_trader_lessons" time="0.000" /><testcase classname="tests.test_ai_governance" name="test_normalize_adds_ids_to_legacy_lessons" time="0.000" /><testcase classname="tests.test_ai_governance" name="test_engine_change_needs_minimum_sample" time="0.000" /><testcase classname="tests.test_ai_governance" name="test_coin_change_uses_symbol_sample" time="0.000" /><testcase classname="tests.test_ai_governance" name="test_lesson_removal_needs_more_data_than_creation" time="0.000" /><testcase classname="tests.test_ai_governance" name="test_validation_can_be_switched_off" time="0.000" /><testcase classname="tests.test_ai_governance" name="test_ghost_stats_and_promotion_threshold" time="0.000" /><testcase classname="tests.test_ai_trader_quality_fixes" name="test_extra_blocks_lean_gates_static_content" time="0.001" /><testcase classname="tests.test_ai_governance" name="test_ghost_outcome_respects_direction" time="0.000" /><testcase classname="tests.test_ai_trader_quality_fixes" name="test_lesson_topics_matches_title_only" time="0.000" /><testcase classname="tests.test_ai_quality_fixes_integration" name="test_status_contains_new_config_keys" time="0.004" /><testcase classname="tests.test_ai_trader_quality_fixes" name="test_leverage_conflict_newest_trader_instruction_wins" time="0.000" /><testcase classname="tests.test_ai_trader_quality_fixes" name="test_break_even_conflict_resolved_by_recency" time="0.000" /><testcase classname="tests.test_ai_trader_quality_fixes" name="test_ai_lesson_superseded_by_trader_lesson_same_topic" time="0.000" /><testcase classname="tests.test_ai_trader_quality_fixes" name="test_unrelated_lessons_untouched" time="0.000" /><testcase classname="tests.test_ai_trader_quality_fixes" name="test_ai_only_topic_not_consolidated" time="0.000" /><testcase classname="tests.test_ai_trader_quality_fixes" name="test_winner_in_one_topic_never_superseded_by_another" time="0.000" /><testcase classname="tests.test_ai_trader_quality_fixes" name="test_lessons_text_excludes_superseded" time="0.000" /><testcase classname="tests.test_ai_trader_quality_fixes" name="test_active_lessons_keeps_flags_out_of_prompt_but_data_stored" time="0.000" /><testcase classname="tests.test_ai_trader_quality_fixes" name="test_merge_lessons_preserves_superseded_flags" time="0.000" /><testcase classname="tests.test_ai_trader_quality_fixes" name="test_smart_skip_when_market_unchanged" time="0.000" /><testcase classname="tests.test_ai_trader_quality_fixes" name="test_no_skip_on_manual_run" time="0.000" /><testcase classname="tests.test_ai_trader_quality_fixes" name="test_no_skip_when_disabled" time="0.000" /><testcase classname="tests.test_ai_trader_quality_fixes" name="test_no_skip_with_open_position_in_group" time="0.000" /><testcase classname="tests.test_ai_trader_quality_fixes" name="test_no_skip_when_open_positions_unknown" time="0.000" /><testcase classname="tests.test_ai_quality_fixes_integration" name="test_config_update_persists_and_clamps" time="0.068" /><testcase classname="tests.test_ai_trader_quality_fixes" name="test_no_skip_on_significant_price_move" time="0.000" /><testcase classname="tests.test_ai_trader_quality_fixes" name="test_no_skip_when_last_decision_wanted_to_trade" time="0.000" /><testcase classname="tests.test_ai_trader_quality_fixes" name="test_no_skip_without_fresh_decision" time="0.000" /><testcase classname="tests.test_ai_trader_quality_fixes" name="test_max_two_consecutive_skips_then_forced_run" time="0.000" /><testcase classname="tests.test_ai_trader_quality_fixes" name="test_skip_requires_all_symbols_calm" time="0.000" /><testcase classname="tests.test_ai_lessons_merge" name="test_old_lessons_survive_a_run_with_few_new_lessons" time="0.000" /><testcase classname="tests.test_ai_lessons_merge" name="test_repeated_runs_accumulate_up_to_limit" time="0.057" /><testcase classname="tests.test_ai_lessons_merge" name="test_limit_is_respected" time="0.005" /><testcase classname="tests.test_ai_lessons_merge" name="test_duplicate_titles_are_updated_not_doubled" time="0.000" /><testcase classname="tests.test_ai_lessons_merge" name="test_removed_lessons_are_dropped" time="0.000" /><testcase classname="tests.test_ai_quality_fixes_integration" name="test_config_requires_auth" time="0.002" /><testcase classname="tests.test_ai_lessons_merge" name="test_entries_without_title_are_ignored" time="0.000" /><testcase classname="tests.test_ai_quality_fixes_integration" name="test_leverage_conflict_detection" time="1.122" /><testcase classname="tests.test_ai_quality_fixes_integration" name="test_break_even_conflict_detection" time="1.124" /><testcase classname="tests.test_ai_quality_fixes_integration" name="test_unrelated_lessons_no_conflict" time="0.318" /><testcase classname="tests.test_ai_quality_fixes_integration" name="test_lessons_crud_regression" time="0.014" /><testcase classname="tests.test_ai_quality_fixes_integration" name="test_regression_endpoints_200[/api/ai/master-prompt]" time="0.002" /><testcase classname="tests.test_ai_quality_fixes_integration" name="test_regression_endpoints_200[/api/ai/validation]" time="0.002" /><testcase classname="tests.test_ai_quality_fixes_integration" name="test_regression_endpoints_200[/api/ai/schedule]" time="0.002" /><testcase classname="tests.test_ai_quality_fixes_integration" name="test_regression_endpoints_200[/api/ai/providers/health]" time="0.002" /></testsuite></testsuites>