<?xml version="1.0" encoding="utf-8"?><testsuites name="pytest tests"><testsuite name="pytest" errors="0" failures="0" skipped="0" tests="11" time="22.270" timestamp="2026-07-30T12:07:30.712169+00:00" hostname="agent-env-1b653851-c3cf-4fc6-953a-7f552eb69b83"><testcase classname="tests.test_regime_deep_update.TestWorkerPackage" name="test_manifest_complete" time="1.050" /><testcase classname="tests.test_regime_deep_update.TestWorkerPackage" name="test_package_zip_contents" time="0.164" /><testcase classname="tests.test_regime_deep_update.TestWorkerStatus" name="test_worker_online_and_current" time="0.110" /><testcase classname="tests.test_regime_deep_update.TestRegimeEngineDefaults" name="test_defaults" time="0.114" /><testcase classname="tests.test_regime_deep_update.TestLocalBacktest" name="test_local_backtest_runs" time="3.313" /><testcase classname="tests.test_regime_deep_update.TestRegimeModes" name="test_mode_3" time="3.460" /><testcase classname="tests.test_regime_deep_update.TestRegimeModes" name="test_mode_5_default_adaptive" time="3.405" /><testcase classname="tests.test_regime_deep_update.TestRegimeModes" name="test_mode_9_backcompat" time="0.307" /><testcase classname="tests.test_regime_deep_update.TestOptimizerDeepTest" name="test_optimizer_with_deep_test" time="3.300" /><testcase classname="tests.test_regime_deep_update.TestOptimizerDeepTest" name="test_optimizer_without_deep_test" time="3.353" /><testcase classname="tests.test_regime_deep_update.TestRegimeLabOptimizeDeep" name="test_regime_lab_optimize_deep" time="3.606" /></testsuite></testsuites>