<?xml version="1.0" encoding="utf-8"?><testsuites name="pytest tests"><testsuite name="pytest" errors="0" failures="0" skipped="0" tests="16" time="17.856" timestamp="2026-07-29T13:51:39.166761+00:00" hostname="agent-env-e8fe84c3-d286-4de7-85ee-3f688de75e80"><testcase classname="tests.test_regime_v2_integration.TestRegression" name="test_strategies" time="6.721" /><testcase classname="tests.test_regime_v2_integration.TestDynamic" name="test_dynamic_exists" time="6.742" /><testcase classname="tests.test_regime_v2_integration.TestRegression" name="test_coins" time="0.074" /><testcase classname="tests.test_regime_v2_integration.TestDynamic" name="test_refresh_per_symbol" time="10.453" /><testcase classname="tests.test_regime_v2_integration.TestRegression" name="test_regime_lab_list" time="0.059" /><testcase classname="tests.test_regime_v2_integration.TestCurrentRegime" name="test_v2_shape" time="0.082" /><testcase classname="tests.test_regime_v2_integration.TestCurrentRegime" name="test_kmeans_backward_compat" time="0.096" /><testcase classname="tests.test_regime_v2_integration.TestAnalyzeValidation" name="test_engine_quatsch_400" time="0.124" /><testcase classname="tests.test_regime_v2_integration.TestAnalyzeValidation" name="test_engine_v2_starts_and_completes" time="0.249" /><testcase classname="tests.test_regime_v2_integration.TestEngineDefaults" name="test_defaults_shape" time="0.057" /><testcase classname="tests.test_regime_v2_integration.TestExistingAnalysis" name="test_ra_82c98807_v2" time="0.096" /><testcase classname="tests.test_regime_v2_integration.TestStrategies" name="test_nnfx_strategies_present" time="0.094" /><testcase classname="tests.test_regime_v2_integration.TestBuildNnfx" name="test_build_nnfx_from_ra_82c98807" time="0.314" /><testcase classname="tests.test_regime_v2_integration.TestDynamic" name="test_apply_activates_nnfx_strategies" time="0.150" /><testcase classname="tests.test_regime_v2_integration.TestDynamic" name="test_settings_require_confirmation" time="0.106" /><testcase classname="tests.test_regime_v2_integration.TestDynamic" name="test_dismiss_returns_dismissed" time="0.047" /></testsuite></testsuites>