<?xml version="1.0" encoding="utf-8"?><testsuites name="pytest tests"><testsuite name="pytest" errors="0" failures="0" skipped="0" tests="6" time="6.357" timestamp="2026-08-08T20:29:26.839906+00:00" hostname="agent-env-e6026277-8e42-44be-a71c-44c20b2ed4d2"><testcase classname="tests.test_review_iter_reward_killswitch" name="test_ai_status_no_dead_model_no_github" time="4.883" /><testcase classname="tests.test_review_iter_reward_killswitch" name="test_ai_roles_no_dead_model" time="0.146" /><testcase classname="tests.test_review_iter_reward_killswitch" name="test_post_role_dead_model_migrates" time="0.525" /><testcase classname="tests.test_review_iter_reward_killswitch" name="test_ai_insights_reward_field" time="0.115" /><testcase classname="tests.test_review_iter_reward_killswitch" name="test_trade_guard_state_has_learning_fields" time="0.106" /><testcase classname="tests.test_review_iter_reward_killswitch" name="test_trade_guard_resume" time="0.250" /></testsuite></testsuites>