<?xml version="1.0" encoding="utf-8"?><testsuites name="pytest tests"><testsuite name="pytest" errors="0" failures="0" skipped="0" tests="28" time="82.445" timestamp="2026-08-08T01:54:06.059222+00:00" hostname="agent-env-202cf304-c003-4e98-af69-0da46a2641f0"><testcase classname="tests.test_swing_and_profit_lock.TestPnlPctMargin" name="test_margin_basis_matches_bitunix" time="0.000" /><testcase classname="tests.test_swing_and_profit_lock.TestProfitLockLimits" name="test_secure_profit_requires_profit" time="0.000" /><testcase classname="tests.test_swing_and_profit_lock.TestPnlPctMargin" name="test_upnl_margin_matches_bitunix_after_partial" time="0.000" /><testcase classname="tests.test_swing_and_profit_lock.TestPnlPctMargin" name="test_margin_used_field_preferred" time="0.000" /><testcase classname="tests.test_swing_and_profit_lock.TestProfitLockLimits" name="test_secure_profit_disabled" time="0.000" /><testcase classname="tests.test_swing_and_profit_lock.TestProfitLockLimits" name="test_secure_profit_ok_within_bounds" time="0.000" /><testcase classname="tests.test_swing_and_profit_lock.TestProfitLockLimits" name="test_secure_profit_pct_bounds" time="0.000" /><testcase classname="tests.test_swing_and_profit_lock.TestPnlPctMargin" name="test_closed_trade_has_margin_pct" time="0.000" /><testcase classname="tests.test_swing_and_profit_lock.TestProfitLockLimits" name="test_secure_profit_min_margin_left" time="0.000" /><testcase classname="tests.test_swing_and_profit_lock.TestProfitLockLimits" name="test_remove_margin_leverage_cap_no_profit" time="0.000" /><testcase classname="tests.test_swing_and_profit_lock.TestProfitLockLimits" name="test_remove_margin_higher_cap_in_profit" time="0.000" /><testcase classname="tests.test_swing_and_profit_lock.TestProfitLockLimits" name="test_set_leverage_profit_cap" time="0.000" /><testcase classname="tests.test_swing_and_profit_lock.TestExposureText" name="test_empty" time="0.000" /><testcase classname="tests.test_swing_and_profit_lock.TestExposureText" name="test_one_sided_warning" time="0.000" /><testcase classname="tests.test_swing_and_profit_lock.TestProfitLockLimits" name="test_allow_margin_off_blocks_secure_profit" time="0.000" /><testcase classname="tests.test_swing_and_profit_lock.TestExposureText" name="test_cluster_detection" time="0.000" /><testcase classname="tests.test_review_swing_profitlock_api.TestTradeManagerStatus" name="test_status_contains_profit_lock_settings" time="80.561" /><testcase classname="tests.test_review_swing_profitlock_api.TestTradeManagerSettingsClampAndReset" name="test_settings_persist_and_clamp" time="81.181" /><testcase classname="tests.test_review_swing_profitlock_api.TestTradeManagerStatus" name="test_actions_contains_secure_profit" time="0.215" /><testcase classname="tests.test_review_swing_profitlock_api.TestAIConfigSwing" name="test_status_exposes_swing_fields" time="0.115" /><testcase classname="tests.test_review_swing_profitlock_api.TestAIConfigSwing" name="test_update_swing_max_leverage_persist_clamp_reset" time="0.935" /><testcase classname="tests.test_review_swing_profitlock_api.TestTradeManagerSettingsClampAndReset" name="test_settings_requires_admin" time="0.107" /><testcase classname="tests.test_swing_and_profit_lock.TestTradesTextHorizon" name="test_swing_label" time="0.000" /><testcase classname="tests.test_swing_and_profit_lock.TestTradesTextHorizon" name="test_scalp_default" time="0.000" /><testcase classname="tests.test_review_swing_profitlock_api.TestAutotradeTradesComputed" name="test_trades_have_pnl_pct_margin" time="0.329" /><testcase classname="tests.test_review_swing_profitlock_api.TestWatchdog" name="test_status_ok_and_dust_closed_field" time="0.206" /><testcase classname="tests.test_swing_and_profit_lock.TestSwingSignalClamps" name="test_swing_config_defaults" time="0.225" /><testcase classname="tests.test_swing_and_profit_lock.TestSwingSignalClamps" name="test_actions_contains_secure_profit" time="0.000" /></testsuite></testsuites>