<?xml version="1.0" encoding="utf-8"?><testsuites name="pytest tests"><testsuite name="pytest" errors="0" failures="0" skipped="0" tests="10" time="3.852" timestamp="2026-08-02T18:06:39.915060+00:00" hostname="agent-env-62d90d98-1075-42ed-a50f-bc9558ac7760"><testcase classname="tests.test_iter_rly28_review" name="test_admin_login_returns_jwt" time="0.557" /><testcase classname="tests.test_iter_rly28_review" name="test_builder_options" time="0.202" /><testcase classname="tests.test_iter_rly28_review" name="test_rule_preview" time="0.115" /><testcase classname="tests.test_iter_rly28_review" name="test_backtest_run_with_custom_strategy" time="0.334" /><testcase classname="tests.test_iter_rly28_review" name="test_trade_guard_get_and_update" time="0.422" /><testcase classname="tests.test_iter_rly28_review" name="test_telegram_notify_config" time="0.409" /><testcase classname="tests.test_iter_rly28_review" name="test_notifications_list_and_read" time="0.208" /><testcase classname="tests.test_iter_rly28_review" name="test_klines_weekend_fallback[GOLD-3000-5000]" time="0.486" /><testcase classname="tests.test_iter_rly28_review" name="test_klines_weekend_fallback[SILVER-20-80]" time="0.375" /><testcase classname="tests.test_iter_rly28_review" name="test_klines_weekend_fallback[OIL-40-120]" time="0.373" /></testsuite></testsuites>