<?xml version="1.0" encoding="utf-8"?><testsuites name="pytest tests"><testsuite name="pytest" errors="0" failures="0" skipped="0" tests="10" time="5.178" timestamp="2026-08-02T18:32:43.504693+00:00" hostname="agent-env-62d90d98-1075-42ed-a50f-bc9558ac7760"><testcase classname="tests.test_iter_rly29_review.TestStrategyValidation" name="test_invalid_indicator_returns_422_with_problems_and_fixes" time="0.269" /><testcase classname="tests.test_iter_rly29_review.TestStrategyValidation" name="test_alias_ema_200_canonicalized_and_saved" time="0.264" /><testcase classname="tests.test_iter_rly29_review.TestStrategyValidation" name="test_unsupported_timeframe_7m_returns_422" time="0.045" /><testcase classname="tests.test_iter_rly29_review.TestStrategyValidation" name="test_no_admin_token_returns_401_or_403" time="0.128" /><testcase classname="tests.test_iter_rly29_review.TestStrategyRegression" name="test_get_strategies" time="0.053" /><testcase classname="tests.test_iter_rly29_review.TestStrategyRegression" name="test_builder_options" time="0.050" /><testcase classname="tests.test_iter_rly29_review.TestStrategyRegression" name="test_rule_preview" time="1.921" /><testcase classname="tests.test_iter_rly29_review" name="test_liquidity_heatmap_has_venues_and_walls[BTCUSDT]" time="0.799" /><testcase classname="tests.test_iter_rly29_review" name="test_liquidity_heatmap_has_venues_and_walls[ADAUSDT]" time="0.799" /><testcase classname="tests.test_iter_rly29_review" name="test_liquidity_heatmap_has_venues_and_walls[AVAXUSDT]" time="0.798" /></testsuite></testsuites>