<?xml version="1.0" encoding="utf-8"?><testsuites name="pytest tests"><testsuite name="pytest" errors="0" failures="0" skipped="0" tests="4" time="15.074" timestamp="2026-08-02T19:53:11.845873+00:00" hostname="agent-env-62d90d98-1075-42ed-a50f-bc9558ac7760"><testcase classname="tests.test_iter_rly31_review.TestKlinesHistory" name="test_days_365_daily" time="6.910" /><testcase classname="tests.test_iter_rly31_review.TestKlinesHistory" name="test_days_7_default_15m" time="2.405" /><testcase classname="tests.test_iter_rly31_review.TestKlinesHistory" name="test_days_30_default_1h" time="5.313" /><testcase classname="tests.test_iter_rly31_review.TestKlinesHistory" name="test_explicit_timeframe_param" time="0.061" /></testsuite></testsuites>