<?xml version="1.0" encoding="utf-8"?><testsuites name="pytest tests"><testsuite name="pytest" errors="0" failures="0" skipped="0" tests="7" time="36.105" timestamp="2026-08-02T19:01:37.477344+00:00" hostname="agent-env-62d90d98-1075-42ed-a50f-bc9558ac7760"><testcase classname="tests.test_iter_rly30_review.TestLiquidityOrderBlocks" name="test_levels_structure_and_ob_shape" time="4.321" /><testcase classname="tests.test_iter_rly30_review.TestKlinesHistory" name="test_days_7_default_15m" time="6.430" /><testcase classname="tests.test_iter_rly30_review.TestKlinesLiveRegression" name="test_live_klines_200_bars" time="0.245" /><testcase classname="tests.test_iter_rly30_review.TestSyntheticOpenTrade" name="test_insert_verify_delete" time="0.293" /><testcase classname="tests.test_iter_rly30_review.TestKlinesHistory" name="test_days_30_default_1h" time="5.468" /><testcase classname="tests.test_iter_rly30_review.TestKlinesHistory" name="test_explicit_timeframe_param" time="0.052" /><testcase classname="tests.test_iter_rly30_review.TestKlinesHistory" name="test_invalid_symbol_502" time="23.749" /></testsuite></testsuites>