<?xml version="1.0" encoding="utf-8"?><testsuites name="pytest tests"><testsuite name="pytest" errors="0" failures="0" skipped="0" tests="5" time="84.465" timestamp="2026-08-11T06:23:55.963262+00:00" hostname="agent-env-ab5648cb-7200-4e82-ab25-1abba08497a4"><testcase classname="tests.test_session_review_fixes" name="test_admin_login_returns_token" time="83.020" /><testcase classname="tests.test_session_review_fixes" name="test_ai_insights_lessons_numbering" time="0.757" /><testcase classname="tests.test_session_review_fixes" name="test_ai_status_providers_health" time="0.194" /><testcase classname="tests.test_session_review_fixes" name="test_ai_supervisor_ok" time="0.229" /><testcase classname="tests.test_session_review_fixes" name="test_ai_roles_ok" time="0.201" /></testsuite></testsuites>