<?xml version="1.0" encoding="utf-8"?><testsuites name="pytest tests"><testsuite name="pytest" errors="0" failures="2" skipped="0" tests="57" time="112.176" timestamp="2026-07-28T19:54:06.092826+00:00" hostname="agent-env-279aab63-2f88-417f-b493-58a4ec3366f9"><testcase classname="tests.test_instruments_universe" name="test_legacy_config_exports_unchanged" time="0.001" /><testcase classname="tests.test_instruments_universe" name="test_groups_order_and_membership" time="0.000" /><testcase classname="tests.test_instruments_universe" name="test_every_symbol_is_backtestable" time="0.000" /><testcase classname="tests.test_instruments_universe" name="test_history_source_routing[BTCUSDT-binance]" time="0.000" /><testcase classname="tests.test_instruments_universe" name="test_history_source_routing[GOLD-bitunix]" time="0.000" /><testcase classname="tests.test_instruments_universe" name="test_history_source_routing[QQQUSDT-bitunix]" time="0.001" /><testcase classname="tests.test_instruments_universe" name="test_history_source_routing[EURUSD-yahoo]" time="0.000" /><testcase classname="tests.test_instruments_universe" name="test_unknown_symbol_falls_back_to_binance" time="0.000" /><testcase classname="tests.test_instruments_universe" name="test_bitunix_symbol_mapping" time="0.000" /><testcase classname="tests.test_instruments_universe" name="test_tradability_flags" time="0.000" /><testcase classname="tests.test_instruments_universe" name="test_history_days_cap" time="0.000" /><testcase classname="tests.test_instruments_universe" name="test_parallel_support_only_for_range_paging_sources" time="0.000" /><testcase classname="tests.test_ai_lessons_merge" name="test_old_lessons_survive_a_run_with_few_new_lessons" time="0.000" /><testcase classname="tests.test_ai_lessons_merge" name="test_repeated_runs_accumulate_up_to_limit" time="0.000" /><testcase classname="tests.test_ai_lessons_merge" name="test_limit_is_respected" time="0.000" /><testcase classname="tests.test_ai_lessons_merge" name="test_duplicate_titles_are_updated_not_doubled" time="0.000" /><testcase classname="tests.test_ai_lessons_merge" name="test_removed_lessons_are_dropped" time="0.000" /><testcase classname="tests.test_ai_lessons_merge" name="test_entries_without_title_are_ignored" time="0.000" /><testcase classname="tests.test_forex_volume_proxy" name="test_activity_volume_is_positive_and_scales_with_range" time="0.000" /><testcase classname="tests.test_forex_volume_proxy" name="test_relative_volume_neutral_without_volume_data" time="0.001" /><testcase classname="tests.test_forex_volume_proxy" name="test_relative_volume_unchanged_with_volume_data" time="0.000" /><testcase classname="tests.test_forex_volume_proxy" name="test_relative_volume_needs_enough_candles" time="0.000" /><testcase classname="tests.test_forex_volume_proxy" name="test_fast_series_rel_volume_neutral_without_volume" time="0.001" /><testcase classname="tests.test_forex_volume_proxy" name="test_vwap_falls_back_to_typical_price_without_volume" time="0.000" /><testcase classname="tests.test_refactor_regression" name="test_health_and_core_endpoints" time="0.037" /><testcase classname="tests.test_refactor_regression" name="test_write_endpoints_require_admin" time="0.003" /><testcase classname="tests.test_refactor_regression" name="test_optimizer_apply_strategy_timeframe_single_source" time="0.022" /><testcase classname="tests.test_refactor_regression" name="test_duplicate_strategy" time="0.026" /><testcase classname="tests.test_refactor_regression" name="test_custom_strategy_timeframe_sync_on_create" time="0.011" /><testcase classname="tests.test_refactor_regression" name="test_simulate_pair_no_liquidation_with_trailing_sl" time="0.005" /><testcase classname="tests.test_refactor_regression" name="test_optimizer_run_accepts_fixed_sessions" time="0.004" /><testcase classname="tests.test_refactor_regression" name="test_backtest_run_validation_unchanged" time="0.003" /><testcase classname="tests.test_strategies.TestStrategiesEndpoint" name="test_strategies_200_and_shape" time="0.256" /><testcase classname="tests.test_strategies.TestStrategiesEndpoint" name="test_strategies_list_contains_scalping_and_rsi_only" time="0.545" /><testcase classname="tests.test_strategies.TestStrategiesEndpoint" name="test_strategies_each_has_required_metadata" time="0.584" /><testcase classname="tests.test_strategies.TestStrategiesEndpoint" name="test_strategies_active_is_one_of_the_listed" time="0.525" /><testcase classname="tests.test_strategies.TestStrategiesEndpoint" name="test_get_settings_exposes_active_strategy" time="0.113" /><testcase classname="tests.test_ai_learning" name="test_max_capital_is_always_forbidden" time="0.000" /><testcase classname="tests.test_ai_learning" name="test_mode_and_enabled_forbidden" time="0.000" /><testcase classname="tests.test_ai_learning" name="test_numbers_are_clamped_to_bounds" time="0.000" /><testcase classname="tests.test_ai_learning" name="test_enum_and_bool_and_unknown" time="0.000" /><testcase classname="tests.test_ai_learning" name="test_engine_scope_keys" time="0.000" /><testcase classname="tests.test_ai_learning" name="test_spec_text_mentions_keys" time="0.000" /><testcase classname="tests.test_ai_learning" name="test_default_config_has_new_keys" time="0.000" /><testcase classname="tests.test_ai_learning" name="test_aggregate_performance_basic" time="0.000" /><testcase classname="tests.test_ai_learning" name="test_aggregate_ignores_pre_signals" time="0.000" /><testcase classname="tests.test_ai_learning" name="test_performance_text_renders" time="0.000" /><testcase classname="tests.test_ai_learning" name="test_suggest_mode_creates_pending_proposal" time="0.001" /><testcase classname="tests.test_ai_learning" name="test_auto_mode_applies_immediately" time="0.085" /><testcase classname="tests.test_ai_learning" name="test_autonomy_off_ignores_changes" time="0.000" /><testcase classname="tests.test_ai_learning" name="test_unknown_symbol_skipped" time="0.000" /><testcase classname="tests.test_ai_learning" name="test_noop_changes_skipped" time="0.000" /><testcase classname="tests.test_ai_learning" name="test_engine_scope_change" time="0.000" /><testcase classname="tests.test_ai_learning" name="test_approve_pending_proposal" time="0.001" /><testcase classname="tests.test_ai_learning" name="test_reject_pending_proposal" time="0.000" /><testcase classname="tests.test_winrate_bug" name="test_winrate_bugfix_full_flow" time="102.048"><failure message="assert 404 == 200&#10; +  where 404 = &lt;Response [404]&gt;.status_code">tests/test_winrate_bug.py:119: in test_winrate_bugfix_full_flow
    assert r.status_code == 200
E   assert 404 == 200
E    +  where 404 = &lt;Response [404]&gt;.status_code</failure></testcase><testcase classname="tests.test_winrate_bug" name="test_regression_capital_and_balance" time="7.262"><failure message="assert 404 == 200&#10; +  where 404 = &lt;Response [404]&gt;.status_code">tests/test_winrate_bug.py:135: in test_regression_capital_and_balance
    assert r.status_code == 200
E   assert 404 == 200
E    +  where 404 = &lt;Response [404]&gt;.status_code</failure></testcase></testsuite></testsuites>