<?xml version="1.0" encoding="utf-8"?><testsuites name="pytest tests"><testsuite name="pytest" errors="0" failures="0" skipped="0" tests="10" time="13.647" timestamp="2026-07-29T15:06:58.825154+00:00" hostname="agent-env-e8fe84c3-d286-4de7-85ee-3f688de75e80"><testcase classname="tests.test_regime_v3_extras.TestRegression" name="test_engine_defaults" time="0.207" /><testcase classname="tests.test_regime_v3_extras.TestOptimizeAssignBuildNnfxRefresh" name="test_01_optimize_with_flag_yields_distinct_strategy_params" time="4.306" /><testcase classname="tests.test_regime_v3_extras.TestRegression" name="test_strategies_and_coins" time="0.113" /><testcase classname="tests.test_regime_v3_extras.TestRegression" name="test_regime_lab_list_and_analysis" time="0.135" /><testcase classname="tests.test_regime_v3_extras.TestEarlyWarning" name="test_current_regime_has_early_warning_fields" time="0.063" /><testcase classname="tests.test_regime_v3_extras.TestOptimizeAssignBuildNnfxRefresh" name="test_02_optimize_without_flag_has_empty_strategy_params" time="4.153" /><testcase classname="tests.test_regime_v3_extras.TestOptimizeAssignBuildNnfxRefresh" name="test_03_optimize_include_flag_params_allows_binary" time="4.192" /><testcase classname="tests.test_regime_v3_extras.TestOptimizeAssignBuildNnfxRefresh" name="test_04_assign_persists_strategy_params" time="0.227" /><testcase classname="tests.test_regime_v3_extras.TestOptimizeAssignBuildNnfxRefresh" name="test_05_build_nnfx_idempotent_and_preserves_strategy_params" time="0.296" /><testcase classname="tests.test_regime_v3_extras.TestOptimizeAssignBuildNnfxRefresh" name="test_06_refresh_no_500_and_apply_ok" time="0.127" /></testsuite></testsuites>