<?xml version="1.0" encoding="utf-8"?><testsuites name="pytest tests"><testsuite name="pytest" errors="0" failures="0" skipped="0" tests="4" time="6.408" timestamp="2026-07-29T15:01:14.813443+00:00" hostname="agent-env-e8fe84c3-d286-4de7-85ee-3f688de75e80"><testcase classname="tests.test_regime_v3_extras.TestEarlyWarning" name="test_current_regime_has_early_warning_fields" time="5.828" /><testcase classname="tests.test_regime_v3_extras.TestRegression" name="test_engine_defaults" time="5.817" /><testcase classname="tests.test_regime_v3_extras.TestRegression" name="test_strategies_and_coins" time="0.121" /><testcase classname="tests.test_regime_v3_extras.TestRegression" name="test_regime_lab_list_and_analysis" time="0.140" /></testsuite></testsuites>